<?xml version="1.0" encoding="UTF-8"?>
<!-- Generated by org.testng.reporters.JUnitReportReporter -->
<testsuite hostname="Fi-Sathish-D" failures="0" tests="36" name="API.Automation.Regression.GetAPI_PrimaryHoldingID" time="13.040" errors="0" timestamp="2023-05-23T18:05:09 IST" skipped="0">
  <testcase classname="API.Automation.Regression.GetAPI_PrimaryHoldingID" name="Dashboard_portfolio_Allocation_Asset_All" time="0.179"/>
  <system-out/>
  <testcase classname="API.Automation.Regression.GetAPI_PrimaryHoldingID" name="NFO_Search" time="0.238"/>
  <system-out/>
  <testcase classname="API.Automation.Regression.GetAPI_PrimaryHoldingID" name="Super_Savings" time="0.230"/>
  <system-out/>
  <testcase classname="API.Automation.Regression.GetAPI_PrimaryHoldingID" name="Feature" time="0.174"/>
  <system-out/>
  <testcase classname="API.Automation.Regression.GetAPI_PrimaryHoldingID" name="Dashboard_portfolio_Allocation_credit" time="0.379"/>
  <system-out/>
  <testcase classname="API.Automation.Regression.GetAPI_PrimaryHoldingID" name="Investor_Goals" time="0.241"/>
  <system-out/>
  <testcase classname="API.Automation.Regression.GetAPI_PrimaryHoldingID" name="User_Profile" time="1.586"/>
  <system-out/>
  <testcase classname="API.Automation.Regression.GetAPI_PrimaryHoldingID" name="lookup" time="0.156"/>
  <system-out/>
  <testcase classname="API.Automation.Regression.GetAPI_PrimaryHoldingID" name="Dashboard_portfolio_Allocation_category" time="0.219"/>
  <system-out/>
  <testcase classname="API.Automation.Regression.GetAPI_PrimaryHoldingID" name="Holding_Profile" time="0.923"/>
  <system-out/>
  <testcase classname="API.Automation.Regression.GetAPI_PrimaryHoldingID" name="MF_Scheme" time="0.221"/>
  <system-out/>
  <testcase classname="API.Automation.Regression.GetAPI_PrimaryHoldingID" name="product_search_mf_form" time="0.268"/>
  <system-out/>
  <testcase classname="API.Automation.Regression.GetAPI_PrimaryHoldingID" name="Select_Funds" time="0.264"/>
  <system-out/>
  <testcase classname="API.Automation.Regression.GetAPI_PrimaryHoldingID" name="Dashboard_portfolio_Allocation_fi_style" time="0.183"/>
  <system-out/>
  <testcase classname="API.Automation.Regression.GetAPI_PrimaryHoldingID" name="Investor_Goal" time="0.190"/>
  <system-out/>
  <testcase classname="API.Automation.Regression.GetAPI_PrimaryHoldingID" name="ProductSearch_MF_Form" time="0.232"/>
  <system-out/>
  <testcase classname="API.Automation.Regression.GetAPI_PrimaryHoldingID" name="Announcements" time="0.178"/>
  <system-out/>
  <testcase classname="API.Automation.Regression.GetAPI_PrimaryHoldingID" name="Current_SIPS" time="0.256"/>
  <system-out/>
  <testcase classname="API.Automation.Regression.GetAPI_PrimaryHoldingID" name="Power_STPs" time="0.247"/>
  <system-out/>
  <testcase classname="API.Automation.Regression.GetAPI_PrimaryHoldingID" name="Investor_Mandates" time="0.210"/>
  <system-out/>
  <testcase classname="API.Automation.Regression.GetAPI_PrimaryHoldingID" name="Get_Equity_GetNominee" time="0.250"/>
  <system-out/>
  <testcase classname="API.Automation.Regression.GetAPI_PrimaryHoldingID" name="Triggers" time="0.170"/>
  <system-out/>
  <testcase classname="API.Automation.Regression.GetAPI_PrimaryHoldingID" name="Dashboard" time="0.401"/>
  <system-out/>
  <testcase classname="API.Automation.Regression.GetAPI_PrimaryHoldingID" name="Contact_Info" time="0.870"/>
  <system-out/>
  <testcase classname="API.Automation.Regression.GetAPI_PrimaryHoldingID" name="New_Nominee_Declaration" time="0.198"/>
  <system-out/>
  <testcase classname="API.Automation.Regression.GetAPI_PrimaryHoldingID" name="SWP" time="0.527"/>
  <system-out/>
  <testcase classname="API.Automation.Regression.GetAPI_PrimaryHoldingID" name="Dashboard_Portfolio" time="0.594"/>
  <system-out/>
  <testcase classname="API.Automation.Regression.GetAPI_PrimaryHoldingID" name="Invested_Schemes" time="0.809"/>
  <system-out/>
  <testcase classname="API.Automation.Regression.GetAPI_PrimaryHoldingID" name="Recent_Transactions" time="0.180"/>
  <system-out/>
  <testcase classname="API.Automation.Regression.GetAPI_PrimaryHoldingID" name="Folio_Banklist" time="0.196"/>
  <system-out/>
  <testcase classname="API.Automation.Regression.GetAPI_PrimaryHoldingID" name="Get_Existing_Nominee_MF" time="0.160"/>
  <system-out/>
  <testcase classname="API.Automation.Regression.GetAPI_PrimaryHoldingID" name="Pending_Payments" time="0.199"/>
  <system-out/>
  <testcase classname="API.Automation.Regression.GetAPI_PrimaryHoldingID" name="Systematic_plan" time="0.239"/>
  <system-out/>
  <testcase classname="API.Automation.Regression.GetAPI_PrimaryHoldingID" name="Scheme_info" time="1.090"/>
  <system-out/>
  <testcase classname="API.Automation.Regression.GetAPI_PrimaryHoldingID" name="Transactions_Authorization" time="0.213"/>
  <system-out/>
  <testcase classname="API.Automation.Regression.GetAPI_PrimaryHoldingID" name="STP" time="0.370"/>
  <system-out/>
</testsuite> <!-- API.Automation.Regression.GetAPI_PrimaryHoldingID -->
