<?xml version="1.0" encoding="UTF-8"?>
<!-- Generated by org.testng.reporters.JUnitReportReporter -->
<testsuite hostname="Fi-Sathish-D" failures="0" tests="36" name="API.Automation.Regression.GetAPI_PrimaryHoldingID" time="8.920" errors="0" timestamp="2023-05-26T10:07:59 IST" skipped="0">
  <testcase classname="API.Automation.Regression.GetAPI_PrimaryHoldingID" name="Investor_Goal" time="0.281"/>
  <system-out/>
  <testcase classname="API.Automation.Regression.GetAPI_PrimaryHoldingID" name="Dashboard_portfolio_Allocation_Asset_All" time="0.186"/>
  <system-out/>
  <testcase classname="API.Automation.Regression.GetAPI_PrimaryHoldingID" name="User_Profile" time="0.182"/>
  <system-out/>
  <testcase classname="API.Automation.Regression.GetAPI_PrimaryHoldingID" name="MF_Scheme" time="0.206"/>
  <system-out/>
  <testcase classname="API.Automation.Regression.GetAPI_PrimaryHoldingID" name="Announcements" time="0.298"/>
  <system-out/>
  <testcase classname="API.Automation.Regression.GetAPI_PrimaryHoldingID" name="Investor_Goals" time="0.254"/>
  <system-out/>
  <testcase classname="API.Automation.Regression.GetAPI_PrimaryHoldingID" name="Holding_Profile" time="0.238"/>
  <system-out/>
  <testcase classname="API.Automation.Regression.GetAPI_PrimaryHoldingID" name="Select_Funds" time="0.330"/>
  <system-out/>
  <testcase classname="API.Automation.Regression.GetAPI_PrimaryHoldingID" name="product_search_mf_form" time="0.271"/>
  <system-out/>
  <testcase classname="API.Automation.Regression.GetAPI_PrimaryHoldingID" name="NFO_Search" time="0.362"/>
  <system-out/>
  <testcase classname="API.Automation.Regression.GetAPI_PrimaryHoldingID" name="Dashboard_portfolio_Allocation_category" time="0.193"/>
  <system-out/>
  <testcase classname="API.Automation.Regression.GetAPI_PrimaryHoldingID" name="Feature" time="0.180"/>
  <system-out/>
  <testcase classname="API.Automation.Regression.GetAPI_PrimaryHoldingID" name="Super_Savings" time="0.288"/>
  <system-out/>
  <testcase classname="API.Automation.Regression.GetAPI_PrimaryHoldingID" name="ProductSearch_MF_Form" time="0.359"/>
  <system-out/>
  <testcase classname="API.Automation.Regression.GetAPI_PrimaryHoldingID" name="Dashboard_portfolio_Allocation_fi_style" time="0.185"/>
  <system-out/>
  <testcase classname="API.Automation.Regression.GetAPI_PrimaryHoldingID" name="lookup" time="0.191"/>
  <system-out/>
  <testcase classname="API.Automation.Regression.GetAPI_PrimaryHoldingID" name="Dashboard_portfolio_Allocation_credit" time="0.179"/>
  <system-out/>
  <testcase classname="API.Automation.Regression.GetAPI_PrimaryHoldingID" name="Dashboard" time="0.261"/>
  <system-out/>
  <testcase classname="API.Automation.Regression.GetAPI_PrimaryHoldingID" name="Recent_Transactions" time="0.191"/>
  <system-out/>
  <testcase classname="API.Automation.Regression.GetAPI_PrimaryHoldingID" name="Scheme_info" time="0.242"/>
  <system-out/>
  <testcase classname="API.Automation.Regression.GetAPI_PrimaryHoldingID" name="New_Nominee_Declaration" time="0.164"/>
  <system-out/>
  <testcase classname="API.Automation.Regression.GetAPI_PrimaryHoldingID" name="SWP" time="0.243"/>
  <system-out/>
  <testcase classname="API.Automation.Regression.GetAPI_PrimaryHoldingID" name="Systematic_plan" time="0.436"/>
  <system-out/>
  <testcase classname="API.Automation.Regression.GetAPI_PrimaryHoldingID" name="Transactions_Authorization" time="0.174"/>
  <system-out/>
  <testcase classname="API.Automation.Regression.GetAPI_PrimaryHoldingID" name="Investor_Mandates" time="0.173"/>
  <system-out/>
  <testcase classname="API.Automation.Regression.GetAPI_PrimaryHoldingID" name="Folio_Banklist" time="0.213"/>
  <system-out/>
  <testcase classname="API.Automation.Regression.GetAPI_PrimaryHoldingID" name="Get_Equity_GetNominee" time="0.164"/>
  <system-out/>
  <testcase classname="API.Automation.Regression.GetAPI_PrimaryHoldingID" name="Contact_Info" time="0.250"/>
  <system-out/>
  <testcase classname="API.Automation.Regression.GetAPI_PrimaryHoldingID" name="Get_Existing_Nominee_MF" time="0.214"/>
  <system-out/>
  <testcase classname="API.Automation.Regression.GetAPI_PrimaryHoldingID" name="STP" time="0.199"/>
  <system-out/>
  <testcase classname="API.Automation.Regression.GetAPI_PrimaryHoldingID" name="Triggers" time="0.195"/>
  <system-out/>
  <testcase classname="API.Automation.Regression.GetAPI_PrimaryHoldingID" name="Invested_Schemes" time="0.324"/>
  <system-out/>
  <testcase classname="API.Automation.Regression.GetAPI_PrimaryHoldingID" name="Pending_Payments" time="0.198"/>
  <system-out/>
  <testcase classname="API.Automation.Regression.GetAPI_PrimaryHoldingID" name="Power_STPs" time="0.241"/>
  <system-out/>
  <testcase classname="API.Automation.Regression.GetAPI_PrimaryHoldingID" name="Current_SIPS" time="0.563"/>
  <system-out/>
  <testcase classname="API.Automation.Regression.GetAPI_PrimaryHoldingID" name="Dashboard_Portfolio" time="0.292"/>
  <system-out/>
</testsuite> <!-- API.Automation.Regression.GetAPI_PrimaryHoldingID -->
